<?xml version="1.0" encoding="UTF-8"?>
<testsuite name="com.blz.userregistrationjunit.UserValidationTest" tests="2" skipped="0" failures="0" errors="0" timestamp="2022-04-04T11:15:45" hostname="DESKTOP-OT33I41" time="0.096">
  <properties/>
  <testcase name="givenFirstName_WhenProper_ShouldReturnTrue()" classname="com.blz.userregistrationjunit.UserValidationTest" time="0.093"/>
  <testcase name="givenFirstName_WhenImroper_ShouldReturnFalse()" classname="com.blz.userregistrationjunit.UserValidationTest" time="0.001"/>
  <system-out><![CDATA[]]></system-out>
  <system-err><![CDATA[]]></system-err>
</testsuite>
